WARNING 2020-01-21 16:44:26,053 log 228 Not Found: /xadm
WARNING 2020-01-21 16:44:26,914 log 228 Not Found: /favicon.ico
WARNING 2020-01-21 16:44:35,089 log 228 Not Found: /xadm
WARNING 2020-01-21 16:44:46,239 log 228 Not Found: /xadm
INFO 2020-01-22 10:55:31,331 autoreload 597 Watching for file changes with StatReloader
INFO 2020-01-22 10:55:53,487 autoreload 597 Watching for file changes with StatReloader
INFO 2020-01-22 10:56:45,128 autoreload 597 Watching for file changes with StatReloader
INFO 2020-01-22 10:57:24,540 autoreload 217 E:\Python\learn\Python\flask_file\MyBlog\MyBlog\settings\dev.py changed, reloading.
INFO 2020-01-22 10:57:25,843 autoreload 597 Watching for file changes with StatReloader
INFO 2020-01-22 10:57:30,519 basehttp 154 "GET / HTTP/1.1" 200 32293
INFO 2020-01-22 10:57:30,563 basehttp 154 "GET /static/images/avatar/j-icon-225.png HTTP/1.1" 304 0
INFO 2020-01-22 10:57:30,568 basehttp 154 "GET /static/css/font-awesome.min.css HTTP/1.1" 304 0
INFO 2020-01-22 10:57:30,569 basehttp 154 "GET /static/markdown_css/default.css HTTP/1.1" 304 0
INFO 2020-01-22 10:57:30,569 basehttp 154 "GET /static/css/jquery.fancybox.min.css HTTP/1.1" 304 0
INFO 2020-01-22 10:57:30,570 basehttp 154 "GET /static/images/cc-by-nc-sa.svg HTTP/1.1" 304 0
INFO 2020-01-22 10:57:30,586 basehttp 154 "GET /static/css/index.css HTTP/1.1" 200 65602
INFO 2020-01-22 10:57:30,671 basehttp 154 "GET /static/js/jquery.min.js HTTP/1.1" 304 0
INFO 2020-01-22 10:57:30,685 basehttp 154 "GET /static/js/velocity.min.js HTTP/1.1" 304 0
INFO 2020-01-22 10:57:30,699 basehttp 154 "GET /static/js/velocity.ui.min.js HTTP/1.1" 304 0
INFO 2020-01-22 10:57:30,704 basehttp 154 "GET /static/js/ribbon.min.js HTTP/1.1" 304 0
INFO 2020-01-22 10:57:30,707 basehttp 154 "GET /static/js/jquery.fancybox.min.js HTTP/1.1" 304 0
INFO 2020-01-22 10:57:30,707 basehttp 154 "GET /static/js/canvas-nest.min.js HTTP/1.1" 304 0
INFO 2020-01-22 10:57:30,707 basehttp 154 "GET /static/js/lazyload.min.js HTTP/1.1" 304 0
INFO 2020-01-22 10:57:30,708 basehttp 154 "GET /static/js/base_search.js HTTP/1.1" 304 0
INFO 2020-01-22 10:57:30,709 basehttp 154 "GET /static/js/pjax.min.js HTTP/1.1" 304 0
INFO 2020-01-22 10:57:30,710 basehttp 154 "GET /static/js/base_pjax.js HTTP/1.1" 304 0
INFO 2020-01-22 10:57:30,718 basehttp 154 "GET /static/js/header.js HTTP/1.1" 304 0
INFO 2020-01-22 10:57:30,718 basehttp 154 "GET /static/js/scroll.js HTTP/1.1" 304 0
INFO 2020-01-22 10:57:30,719 basehttp 154 "GET /static/images/gongAnBeiAn.png HTTP/1.1" 304 0
INFO 2020-01-22 10:57:30,723 basehttp 154 "GET /static/js/bsz.pure.mini.js HTTP/1.1" 304 0
INFO 2020-01-22 10:57:30,723 basehttp 154 "GET /static/js/utils.js HTTP/1.1" 200 13416
INFO 2020-01-22 10:57:30,723 basehttp 154 "GET /static/js/sidebar.js HTTP/1.1" 200 3785
INFO 2020-01-22 10:57:30,730 basehttp 154 "GET /static/js/stun-boot.js HTTP/1.1" 200 927
INFO 2020-01-22 10:57:30,838 basehttp 154 "GET /static/fonts/fontawesome-webfont.woff2?v=4.7.0 HTTP/1.1" 304 0
INFO 2020-01-22 10:57:36,975 basehttp 154 "GET /static/manifest.json HTTP/1.1" 200 1229
WARNING 2020-01-22 10:57:36,986 log 228 Not Found: /assets/favicon-144x144.png
WARNING 2020-01-22 10:57:36,986 basehttp 154 "GET /assets/favicon-144x144.png HTTP/1.1" 404 2698
INFO 2020-01-22 10:57:37,007 basehttp 154 "GET /static/images/icons/j-icon-32.png HTTP/1.1" 200 1455
INFO 2020-01-22 10:58:24,346 basehttp 154 "GET / HTTP/1.1" 200 32293
